[2026-01-19 23:56:01] production.INFO: Property Search Params: {"bedrooms":"1","sort":"newest","page":"1","limit":"10"} 
[2026-01-19 23:56:02] production.INFO: Property Search Params: {"bedrooms":"1","sort":"newest","page":"1","limit":"10"} 
[2026-01-19 23:56:03] production.INFO: Property Search Params: {"bedrooms":"1","sort":"newest","page":"1","limit":"10"} 
[2026-01-19 23:56:08] production.INFO: Property Search Params:  
[2026-01-19 23:57:03] production.INFO: NotificationEngine: Dispatching event 'otp.sms'  
[2026-01-19 23:57:03] production.ERROR: NotificationEngine: SMS failed for 919870646548. Status: 400  
[2026-01-19 23:57:08] production.INFO: Login OTP Attempt: Phone=9870646548, OTP=1234, Type=login  
[2026-01-19 23:57:08] production.INFO: Verifying OTP for Identifier: 9870646548, Code: 1234, Type: login  
[2026-01-19 23:57:08] production.INFO: OTP Bypass used for 9870646548  
[2026-01-19 23:57:08] production.INFO: Property Search Params:  
[2026-01-19 23:58:05] production.INFO: PhonePe SDK V2 Init {"env":"UAT","clientId":"PGTE***"} 
[2026-01-19 23:58:05] production.INFO: Booking Request {"source":"customer_app","method":"upi"} 
[2026-01-19 23:58:05] production.ERROR: PhonePe SDK V2 Exception {"msg":"Undefined array key \"context\"","trace":"#0 /var/www/html/api.resortwala.com/vendor/laravel/framework/src/Illuminate/Foundation/Bootstrap/HandleExceptions.php(258): Illuminate\\Foundation\\Bootstrap\\HandleExceptions->handleError()
#1 /var/www/html/api.resortwala.com/vendor/phonepe/phonepe-pg-php-sdk/src/phonepe/sdk/pg/common/utils/CurlHttpClient.php(56): Illuminate\\Foundation\\Bootstrap\\HandleExceptions->Illuminate\\Foundation\\Bootstrap\\{closure}()
#2 /var/www/html/api.resortwala.com/vendor/phonepe/phonepe-pg-php-sdk/src/phonepe/sdk/pg/common/tokenHandler/TokenService.php(102): PhonePe\\common\\utils\\CurlHttpClient::postRequest()
#3 /var/www/html/api.resortwala.com/vendor/phonepe/phonepe-pg-php-sdk/src/phonepe/sdk/pg/common/tokenHandler/TokenService.php(76): PhonePe\\common\\tokenHandler\\TokenService->prepareOAuthToken()
#4 /var/www/html/api.resortwala.com/vendor/phonepe/phonepe-pg-php-sdk/src/phonepe/sdk/pg/common/tokenHandler/TokenService.php(67): PhonePe\\common\\tokenHandler\\TokenService->setAuthTokenInHeaders()
#5 /var/www/html/api.resortwala.com/vendor/phonepe/phonepe-pg-php-sdk/src/phonepe/sdk/pg/payments/v2/standardCheckout/StandardCheckoutClient.php(264): PhonePe\\common\\tokenHandler\\TokenService->getAuthHeaders()
#6 /var/www/html/api.resortwala.com/vendor/phonepe/phonepe-pg-php-sdk/src/phonepe/sdk/pg/payments/v2/standardCheckout/StandardCheckoutClient.php(120): PhonePe\\payments\\v2\\standardCheckout\\StandardCheckoutClient->getHeaders()
#7 /var/www/html/api.resortwala.com/app/Services/PhonePeService.php(84): PhonePe\\payments\\v2\\standardCheckout\\StandardCheckoutClient->pay()
#8 /var/www/html/api.resortwala.com/app/Http/Controllers/BookingController.php(151): App\\Services\\PhonePeService->initiatePayment()
#9 /var/www/html/api.resortwala.com/vendor/laravel/framework/src/Illuminate/Routing/ControllerDispatcher.php(46): App\\Http\\Controllers\\BookingController->store()
#10 /var/www/html/api.resortwala.com/vendor/laravel/framework/src/Illuminate/Routing/Route.php(265): Illuminate\\Routing\\ControllerDispatcher->dispatch()
#11 /var/www/html/api.resortwala.com/vendor/laravel/framework/src/Illuminate/Routing/Route.php(211): Illuminate\\Routing\\Route->runController()
#12 /var/www/html/api.resortwala.com/vendor/laravel/framework/src/Illuminate/Routing/Router.php(822): Illuminate\\Routing\\Route->run()
#13 /var/www/html/api.resortwala.com/vendor/laravel/framework/src/Illuminate/Pipeline/Pipeline.php(180): Illuminate\\Routing\\Router->Illuminate\\Routing\\{closure}()
#14 /var/www/html/api.resortwala.com/vendor/laravel/framework/src/Illuminate/Routing/Middleware/SubstituteBindings.php(50): Illuminate\\Pipeline\\Pipeline->Illuminate\\Pipeline\\{closure}()
#15 /var/www/html/api.resortwala.com/vendor/laravel/framework/src/Illuminate/Pipeline/Pipeline.php(219): Illuminate\\Routing\\Middleware\\SubstituteBindings->handle()
#16 /var/www/html/api.resortwala.com/app/Http/Middleware/AuditLogger.php(17): Illuminate\\Pipeline\\Pipeline->Illuminate\\Pipeline\\{closure}()
#17 /var/www/html/api.resortwala.com/vendor/laravel/framework/src/Illuminate/Pipeline/Pipeline.php(219): App\\Http\\Middleware\\AuditLogger->handle()
#18 /var/www/html/api.resortwala.com/app/Http/Middleware/AnalyticsMiddleware.php(21): Illuminate\\Pipeline\\Pipeline->Illuminate\\Pipeline\\{closure}()
#19 /var/www/html/api.resortwala.com/vendor/laravel/framework/src/Illuminate/Pipeline/Pipeline.php(219): App\\Http\\Middleware\\AnalyticsMiddleware->handle()
#20 /var/www/html/api.resortwala.com/vendor/laravel/framework/src/Illuminate/Http/Middleware/HandleCors.php(61): Illuminate\\Pipeline\\Pipeline->Illuminate\\Pipeline\\{closure}()
#21 /var/www/html/api.resortwala.com/vendor/laravel/framework/src/Illuminate/Pipeline/Pipeline.php(219): Illuminate\\Http\\Middleware\\HandleCors->handle()
#22 /var/www/html/api.resortwala.com/vendor/laravel/framework/src/Illuminate/Pipeline/Pipeline.php(137): Illuminate\\Pipeline\\Pipeline->Illuminate\\Pipeline\\{closure}()
#23 /var/www/html/api.resortwala.com/vendor/laravel/framework/src/Illuminate/Routing/Router.php(821): Illuminate\\Pipeline\\Pipeline->then()
#24 /var/www/html/api.resortwala.com/vendor/laravel/framework/src/Illuminate/Routing/Router.php(800): Illuminate\\Routing\\Router->runRouteWithinStack()
#25 /var/www/html/api.resortwala.com/vendor/laravel/framework/src/Illuminate/Routing/Router.php(764): Illuminate\\Routing\\Router->runRoute()
#26 /var/www/html/api.resortwala.com/vendor/laravel/framework/src/Illuminate/Routing/Router.php(753): Illuminate\\Routing\\Router->dispatchToRoute()
#27 /var/www/html/api.resortwala.com/vendor/laravel/framework/src/Illuminate/Foundation/Http/Kernel.php(200): Illuminate\\Routing\\Router->dispatch()
#28 /var/www/html/api.resortwala.com/vendor/laravel/framework/src/Illuminate/Pipeline/Pipeline.php(180): Illuminate\\Foundation\\Http\\Kernel->Illuminate\\Foundation\\Http\\{closure}()
#29 /var/www/html/api.resortwala.com/vendor/laravel/framework/src/Illuminate/Foundation/Http/Middleware/TransformsRequest.php(21): Illuminate\\Pipeline\\Pipeline->Illuminate\\Pipeline\\{closure}()
#30 /var/www/html/api.resortwala.com/vendor/laravel/framework/src/Illuminate/Foundation/Http/Middleware/ConvertEmptyStringsToNull.php(31): Illuminate\\Foundation\\Http\\Middleware\\TransformsRequest->handle()
#31 /var/www/html/api.resortwala.com/vendor/laravel/framework/src/Illuminate/Pipeline/Pipeline.php(219): Illuminate\\Foundation\\Http\\Middleware\\ConvertEmptyStringsToNull->handle()
#32 /var/www/html/api.resortwala.com/vendor/laravel/framework/src/Illuminate/Foundation/Http/Middleware/TransformsRequest.php(21): Illuminate\\Pipeline\\Pipeline->Illuminate\\Pipeline\\{closure}()
#33 /var/www/html/api.resortwala.com/vendor/laravel/framework/src/Illuminate/Foundation/Http/Middleware/TrimStrings.php(51): Illuminate\\Foundation\\Http\\Middleware\\TransformsRequest->handle()
#34 /var/www/html/api.resortwala.com/vendor/laravel/framework/src/Illuminate/Pipeline/Pipeline.php(219): Illuminate\\Foundation\\Http\\Middleware\\TrimStrings->handle()
#35 /var/www/html/api.resortwala.com/vendor/laravel/framework/src/Illuminate/Http/Middleware/ValidatePostSize.php(27): Illuminate\\Pipeline\\Pipeline->Illuminate\\Pipeline\\{closure}()
#36 /var/www/html/api.resortwala.com/vendor/laravel/framework/src/Illuminate/Pipeline/Pipeline.php(219): Illuminate\\Http\\Middleware\\ValidatePostSize->handle()
#37 /var/www/html/api.resortwala.com/vendor/laravel/framework/src/Illuminate/Foundation/Http/Middleware/PreventRequestsDuringMaintenance.php(109): Illuminate\\Pipeline\\Pipeline->Illuminate\\Pipeline\\{closure}()
#38 /var/www/html/api.resortwala.com/vendor/laravel/framework/src/Illuminate/Pipeline/Pipeline.php(219): Illuminate\\Foundation\\Http\\Middleware\\PreventRequestsDuringMaintenance->handle()
#39 /var/www/html/api.resortwala.com/vendor/laravel/framework/src/Illuminate/Http/Middleware/HandleCors.php(61): Illuminate\\Pipeline\\Pipeline->Illuminate\\Pipeline\\{closure}()
#40 /var/www/html/api.resortwala.com/vendor/laravel/framework/src/Illuminate/Pipeline/Pipeline.php(219): Illuminate\\Http\\Middleware\\HandleCors->handle()
#41 /var/www/html/api.resortwala.com/vendor/laravel/framework/src/Illuminate/Http/Middleware/TrustProxies.php(58): Illuminate\\Pipeline\\Pipeline->Illuminate\\Pipeline\\{closure}()
#42 /var/www/html/api.resortwala.com/vendor/laravel/framework/src/Illuminate/Pipeline/Pipeline.php(219): Illuminate\\Http\\Middleware\\TrustProxies->handle()
#43 /var/www/html/api.resortwala.com/vendor/laravel/framework/src/Illuminate/Foundation/Http/Middleware/InvokeDeferredCallbacks.php(22): Illuminate\\Pipeline\\Pipeline->Illuminate\\Pipeline\\{closure}()
#44 /var/www/html/api.resortwala.com/vendor/laravel/framework/src/Illuminate/Pipeline/Pipeline.php(219): Illuminate\\Foundation\\Http\\Middleware\\InvokeDeferredCallbacks->handle()
#45 /var/www/html/api.resortwala.com/vendor/laravel/framework/src/Illuminate/Http/Middleware/ValidatePathEncoding.php(26): Illuminate\\Pipeline\\Pipeline->Illuminate\\Pipeline\\{closure}()
#46 /var/www/html/api.resortwala.com/vendor/laravel/framework/src/Illuminate/Pipeline/Pipeline.php(219): Illuminate\\Http\\Middleware\\ValidatePathEncoding->handle()
#47 /var/www/html/api.resortwala.com/vendor/laravel/framework/src/Illuminate/Pipeline/Pipeline.php(137): Illuminate\\Pipeline\\Pipeline->Illuminate\\Pipeline\\{closure}()
#48 /var/www/html/api.resortwala.com/vendor/laravel/framework/src/Illuminate/Foundation/Http/Kernel.php(175): Illuminate\\Pipeline\\Pipeline->then()
#49 /var/www/html/api.resortwala.com/vendor/laravel/framework/src/Illuminate/Foundation/Http/Kernel.php(144): Illuminate\\Foundation\\Http\\Kernel->sendRequestThroughRouter()
#50 /var/www/html/api.resortwala.com/vendor/laravel/framework/src/Illuminate/Foundation/Application.php(1220): Illuminate\\Foundation\\Http\\Kernel->handle()
#51 /var/www/html/api.resortwala.com/public/index.php(20): Illuminate\\Foundation\\Application->handleRequest()
#52 {main}"} 
[2026-01-19 23:58:05] production.ERROR: Payment Init Failed, Rolled Back Booking {"error":{"success":false,"message":"Gateway Error: Undefined array key \"context\"","code":"SDK_ERROR"}} 
[2026-01-19 23:58:11] production.INFO: PhonePe SDK V2 Init {"env":"UAT","clientId":"PGTE***"} 
[2026-01-19 23:58:11] production.INFO: Booking Request {"source":"customer_app","method":"upi"} 
[2026-01-19 23:58:11] production.ERROR: PhonePe SDK V2 Exception {"msg":"Undefined array key \"context\"","trace":"#0 /var/www/html/api.resortwala.com/vendor/laravel/framework/src/Illuminate/Foundation/Bootstrap/HandleExceptions.php(258): Illuminate\\Foundation\\Bootstrap\\HandleExceptions->handleError()
#1 /var/www/html/api.resortwala.com/vendor/phonepe/phonepe-pg-php-sdk/src/phonepe/sdk/pg/common/utils/CurlHttpClient.php(56): Illuminate\\Foundation\\Bootstrap\\HandleExceptions->Illuminate\\Foundation\\Bootstrap\\{closure}()
#2 /var/www/html/api.resortwala.com/vendor/phonepe/phonepe-pg-php-sdk/src/phonepe/sdk/pg/common/tokenHandler/TokenService.php(102): PhonePe\\common\\utils\\CurlHttpClient::postRequest()
#3 /var/www/html/api.resortwala.com/vendor/phonepe/phonepe-pg-php-sdk/src/phonepe/sdk/pg/common/tokenHandler/TokenService.php(76): PhonePe\\common\\tokenHandler\\TokenService->prepareOAuthToken()
#4 /var/www/html/api.resortwala.com/vendor/phonepe/phonepe-pg-php-sdk/src/phonepe/sdk/pg/common/tokenHandler/TokenService.php(67): PhonePe\\common\\tokenHandler\\TokenService->setAuthTokenInHeaders()
#5 /var/www/html/api.resortwala.com/vendor/phonepe/phonepe-pg-php-sdk/src/phonepe/sdk/pg/payments/v2/standardCheckout/StandardCheckoutClient.php(264): PhonePe\\common\\tokenHandler\\TokenService->getAuthHeaders()
#6 /var/www/html/api.resortwala.com/vendor/phonepe/phonepe-pg-php-sdk/src/phonepe/sdk/pg/payments/v2/standardCheckout/StandardCheckoutClient.php(120): PhonePe\\payments\\v2\\standardCheckout\\StandardCheckoutClient->getHeaders()
#7 /var/www/html/api.resortwala.com/app/Services/PhonePeService.php(84): PhonePe\\payments\\v2\\standardCheckout\\StandardCheckoutClient->pay()
#8 /var/www/html/api.resortwala.com/app/Http/Controllers/BookingController.php(151): App\\Services\\PhonePeService->initiatePayment()
#9 /var/www/html/api.resortwala.com/vendor/laravel/framework/src/Illuminate/Routing/ControllerDispatcher.php(46): App\\Http\\Controllers\\BookingController->store()
#10 /var/www/html/api.resortwala.com/vendor/laravel/framework/src/Illuminate/Routing/Route.php(265): Illuminate\\Routing\\ControllerDispatcher->dispatch()
#11 /var/www/html/api.resortwala.com/vendor/laravel/framework/src/Illuminate/Routing/Route.php(211): Illuminate\\Routing\\Route->runController()
#12 /var/www/html/api.resortwala.com/vendor/laravel/framework/src/Illuminate/Routing/Router.php(822): Illuminate\\Routing\\Route->run()
#13 /var/www/html/api.resortwala.com/vendor/laravel/framework/src/Illuminate/Pipeline/Pipeline.php(180): Illuminate\\Routing\\Router->Illuminate\\Routing\\{closure}()
#14 /var/www/html/api.resortwala.com/vendor/laravel/framework/src/Illuminate/Routing/Middleware/SubstituteBindings.php(50): Illuminate\\Pipeline\\Pipeline->Illuminate\\Pipeline\\{closure}()
#15 /var/www/html/api.resortwala.com/vendor/laravel/framework/src/Illuminate/Pipeline/Pipeline.php(219): Illuminate\\Routing\\Middleware\\SubstituteBindings->handle()
#16 /var/www/html/api.resortwala.com/app/Http/Middleware/AuditLogger.php(17): Illuminate\\Pipeline\\Pipeline->Illuminate\\Pipeline\\{closure}()
#17 /var/www/html/api.resortwala.com/vendor/laravel/framework/src/Illuminate/Pipeline/Pipeline.php(219): App\\Http\\Middleware\\AuditLogger->handle()
#18 /var/www/html/api.resortwala.com/app/Http/Middleware/AnalyticsMiddleware.php(21): Illuminate\\Pipeline\\Pipeline->Illuminate\\Pipeline\\{closure}()
#19 /var/www/html/api.resortwala.com/vendor/laravel/framework/src/Illuminate/Pipeline/Pipeline.php(219): App\\Http\\Middleware\\AnalyticsMiddleware->handle()
#20 /var/www/html/api.resortwala.com/vendor/laravel/framework/src/Illuminate/Http/Middleware/HandleCors.php(61): Illuminate\\Pipeline\\Pipeline->Illuminate\\Pipeline\\{closure}()
#21 /var/www/html/api.resortwala.com/vendor/laravel/framework/src/Illuminate/Pipeline/Pipeline.php(219): Illuminate\\Http\\Middleware\\HandleCors->handle()
#22 /var/www/html/api.resortwala.com/vendor/laravel/framework/src/Illuminate/Pipeline/Pipeline.php(137): Illuminate\\Pipeline\\Pipeline->Illuminate\\Pipeline\\{closure}()
#23 /var/www/html/api.resortwala.com/vendor/laravel/framework/src/Illuminate/Routing/Router.php(821): Illuminate\\Pipeline\\Pipeline->then()
#24 /var/www/html/api.resortwala.com/vendor/laravel/framework/src/Illuminate/Routing/Router.php(800): Illuminate\\Routing\\Router->runRouteWithinStack()
#25 /var/www/html/api.resortwala.com/vendor/laravel/framework/src/Illuminate/Routing/Router.php(764): Illuminate\\Routing\\Router->runRoute()
#26 /var/www/html/api.resortwala.com/vendor/laravel/framework/src/Illuminate/Routing/Router.php(753): Illuminate\\Routing\\Router->dispatchToRoute()
#27 /var/www/html/api.resortwala.com/vendor/laravel/framework/src/Illuminate/Foundation/Http/Kernel.php(200): Illuminate\\Routing\\Router->dispatch()
#28 /var/www/html/api.resortwala.com/vendor/laravel/framework/src/Illuminate/Pipeline/Pipeline.php(180): Illuminate\\Foundation\\Http\\Kernel->Illuminate\\Foundation\\Http\\{closure}()
#29 /var/www/html/api.resortwala.com/vendor/laravel/framework/src/Illuminate/Foundation/Http/Middleware/TransformsRequest.php(21): Illuminate\\Pipeline\\Pipeline->Illuminate\\Pipeline\\{closure}()
#30 /var/www/html/api.resortwala.com/vendor/laravel/framework/src/Illuminate/Foundation/Http/Middleware/ConvertEmptyStringsToNull.php(31): Illuminate\\Foundation\\Http\\Middleware\\TransformsRequest->handle()
#31 /var/www/html/api.resortwala.com/vendor/laravel/framework/src/Illuminate/Pipeline/Pipeline.php(219): Illuminate\\Foundation\\Http\\Middleware\\ConvertEmptyStringsToNull->handle()
#32 /var/www/html/api.resortwala.com/vendor/laravel/framework/src/Illuminate/Foundation/Http/Middleware/TransformsRequest.php(21): Illuminate\\Pipeline\\Pipeline->Illuminate\\Pipeline\\{closure}()
#33 /var/www/html/api.resortwala.com/vendor/laravel/framework/src/Illuminate/Foundation/Http/Middleware/TrimStrings.php(51): Illuminate\\Foundation\\Http\\Middleware\\TransformsRequest->handle()
#34 /var/www/html/api.resortwala.com/vendor/laravel/framework/src/Illuminate/Pipeline/Pipeline.php(219): Illuminate\\Foundation\\Http\\Middleware\\TrimStrings->handle()
#35 /var/www/html/api.resortwala.com/vendor/laravel/framework/src/Illuminate/Http/Middleware/ValidatePostSize.php(27): Illuminate\\Pipeline\\Pipeline->Illuminate\\Pipeline\\{closure}()
#36 /var/www/html/api.resortwala.com/vendor/laravel/framework/src/Illuminate/Pipeline/Pipeline.php(219): Illuminate\\Http\\Middleware\\ValidatePostSize->handle()
#37 /var/www/html/api.resortwala.com/vendor/laravel/framework/src/Illuminate/Foundation/Http/Middleware/PreventRequestsDuringMaintenance.php(109): Illuminate\\Pipeline\\Pipeline->Illuminate\\Pipeline\\{closure}()
#38 /var/www/html/api.resortwala.com/vendor/laravel/framework/src/Illuminate/Pipeline/Pipeline.php(219): Illuminate\\Foundation\\Http\\Middleware\\PreventRequestsDuringMaintenance->handle()
#39 /var/www/html/api.resortwala.com/vendor/laravel/framework/src/Illuminate/Http/Middleware/HandleCors.php(61): Illuminate\\Pipeline\\Pipeline->Illuminate\\Pipeline\\{closure}()
#40 /var/www/html/api.resortwala.com/vendor/laravel/framework/src/Illuminate/Pipeline/Pipeline.php(219): Illuminate\\Http\\Middleware\\HandleCors->handle()
#41 /var/www/html/api.resortwala.com/vendor/laravel/framework/src/Illuminate/Http/Middleware/TrustProxies.php(58): Illuminate\\Pipeline\\Pipeline->Illuminate\\Pipeline\\{closure}()
#42 /var/www/html/api.resortwala.com/vendor/laravel/framework/src/Illuminate/Pipeline/Pipeline.php(219): Illuminate\\Http\\Middleware\\TrustProxies->handle()
#43 /var/www/html/api.resortwala.com/vendor/laravel/framework/src/Illuminate/Foundation/Http/Middleware/InvokeDeferredCallbacks.php(22): Illuminate\\Pipeline\\Pipeline->Illuminate\\Pipeline\\{closure}()
#44 /var/www/html/api.resortwala.com/vendor/laravel/framework/src/Illuminate/Pipeline/Pipeline.php(219): Illuminate\\Foundation\\Http\\Middleware\\InvokeDeferredCallbacks->handle()
#45 /var/www/html/api.resortwala.com/vendor/laravel/framework/src/Illuminate/Http/Middleware/ValidatePathEncoding.php(26): Illuminate\\Pipeline\\Pipeline->Illuminate\\Pipeline\\{closure}()
#46 /var/www/html/api.resortwala.com/vendor/laravel/framework/src/Illuminate/Pipeline/Pipeline.php(219): Illuminate\\Http\\Middleware\\ValidatePathEncoding->handle()
#47 /var/www/html/api.resortwala.com/vendor/laravel/framework/src/Illuminate/Pipeline/Pipeline.php(137): Illuminate\\Pipeline\\Pipeline->Illuminate\\Pipeline\\{closure}()
#48 /var/www/html/api.resortwala.com/vendor/laravel/framework/src/Illuminate/Foundation/Http/Kernel.php(175): Illuminate\\Pipeline\\Pipeline->then()
#49 /var/www/html/api.resortwala.com/vendor/laravel/framework/src/Illuminate/Foundation/Http/Kernel.php(144): Illuminate\\Foundation\\Http\\Kernel->sendRequestThroughRouter()
#50 /var/www/html/api.resortwala.com/vendor/laravel/framework/src/Illuminate/Foundation/Application.php(1220): Illuminate\\Foundation\\Http\\Kernel->handle()
#51 /var/www/html/api.resortwala.com/public/index.php(20): Illuminate\\Foundation\\Application->handleRequest()
#52 {main}"} 
[2026-01-19 23:58:11] production.ERROR: Payment Init Failed, Rolled Back Booking {"error":{"success":false,"message":"Gateway Error: Undefined array key \"context\"","code":"SDK_ERROR"}} 
[2026-01-19 23:58:36] production.INFO: Property Search Params:  
[2026-01-19 23:58:48] production.INFO: NotificationEngine: Dispatching event 'otp.sms'  
[2026-01-19 23:58:48] production.ERROR: NotificationEngine: SMS failed for 919870646548. Status: 400  
[2026-01-19 23:58:51] production.INFO: Login OTP Attempt: Phone=9870646548, OTP=1234, Type=login  
[2026-01-19 23:58:51] production.INFO: Verifying OTP for Identifier: 9870646548, Code: 1234, Type: login  
[2026-01-19 23:58:51] production.INFO: OTP Bypass used for 9870646548  
[2026-01-19 23:58:51] production.INFO: Property Search Params:  
[2026-01-19 23:58:59] production.INFO: PhonePe SDK V2 Init {"env":"UAT","clientId":"PGTE***"} 
[2026-01-19 23:58:59] production.INFO: Booking Request {"source":"customer_app","method":"upi"} 
[2026-01-19 23:58:59] production.ERROR: PhonePe SDK V2 Exception {"msg":"Undefined array key \"context\"","trace":"#0 /var/www/html/api.resortwala.com/vendor/laravel/framework/src/Illuminate/Foundation/Bootstrap/HandleExceptions.php(258): Illuminate\\Foundation\\Bootstrap\\HandleExceptions->handleError()
#1 /var/www/html/api.resortwala.com/vendor/phonepe/phonepe-pg-php-sdk/src/phonepe/sdk/pg/common/utils/CurlHttpClient.php(56): Illuminate\\Foundation\\Bootstrap\\HandleExceptions->Illuminate\\Foundation\\Bootstrap\\{closure}()
#2 /var/www/html/api.resortwala.com/vendor/phonepe/phonepe-pg-php-sdk/src/phonepe/sdk/pg/common/tokenHandler/TokenService.php(102): PhonePe\\common\\utils\\CurlHttpClient::postRequest()
#3 /var/www/html/api.resortwala.com/vendor/phonepe/phonepe-pg-php-sdk/src/phonepe/sdk/pg/common/tokenHandler/TokenService.php(76): PhonePe\\common\\tokenHandler\\TokenService->prepareOAuthToken()
#4 /var/www/html/api.resortwala.com/vendor/phonepe/phonepe-pg-php-sdk/src/phonepe/sdk/pg/common/tokenHandler/TokenService.php(67): PhonePe\\common\\tokenHandler\\TokenService->setAuthTokenInHeaders()
#5 /var/www/html/api.resortwala.com/vendor/phonepe/phonepe-pg-php-sdk/src/phonepe/sdk/pg/payments/v2/standardCheckout/StandardCheckoutClient.php(264): PhonePe\\common\\tokenHandler\\TokenService->getAuthHeaders()
#6 /var/www/html/api.resortwala.com/vendor/phonepe/phonepe-pg-php-sdk/src/phonepe/sdk/pg/payments/v2/standardCheckout/StandardCheckoutClient.php(120): PhonePe\\payments\\v2\\standardCheckout\\StandardCheckoutClient->getHeaders()
#7 /var/www/html/api.resortwala.com/app/Services/PhonePeService.php(84): PhonePe\\payments\\v2\\standardCheckout\\StandardCheckoutClient->pay()
#8 /var/www/html/api.resortwala.com/app/Http/Controllers/BookingController.php(151): App\\Services\\PhonePeService->initiatePayment()
#9 /var/www/html/api.resortwala.com/vendor/laravel/framework/src/Illuminate/Routing/ControllerDispatcher.php(46): App\\Http\\Controllers\\BookingController->store()
#10 /var/www/html/api.resortwala.com/vendor/laravel/framework/src/Illuminate/Routing/Route.php(265): Illuminate\\Routing\\ControllerDispatcher->dispatch()
#11 /var/www/html/api.resortwala.com/vendor/laravel/framework/src/Illuminate/Routing/Route.php(211): Illuminate\\Routing\\Route->runController()
#12 /var/www/html/api.resortwala.com/vendor/laravel/framework/src/Illuminate/Routing/Router.php(822): Illuminate\\Routing\\Route->run()
#13 /var/www/html/api.resortwala.com/vendor/laravel/framework/src/Illuminate/Pipeline/Pipeline.php(180): Illuminate\\Routing\\Router->Illuminate\\Routing\\{closure}()
#14 /var/www/html/api.resortwala.com/vendor/laravel/framework/src/Illuminate/Routing/Middleware/SubstituteBindings.php(50): Illuminate\\Pipeline\\Pipeline->Illuminate\\Pipeline\\{closure}()
#15 /var/www/html/api.resortwala.com/vendor/laravel/framework/src/Illuminate/Pipeline/Pipeline.php(219): Illuminate\\Routing\\Middleware\\SubstituteBindings->handle()
#16 /var/www/html/api.resortwala.com/app/Http/Middleware/AuditLogger.php(17): Illuminate\\Pipeline\\Pipeline->Illuminate\\Pipeline\\{closure}()
#17 /var/www/html/api.resortwala.com/vendor/laravel/framework/src/Illuminate/Pipeline/Pipeline.php(219): App\\Http\\Middleware\\AuditLogger->handle()
#18 /var/www/html/api.resortwala.com/app/Http/Middleware/AnalyticsMiddleware.php(21): Illuminate\\Pipeline\\Pipeline->Illuminate\\Pipeline\\{closure}()
#19 /var/www/html/api.resortwala.com/vendor/laravel/framework/src/Illuminate/Pipeline/Pipeline.php(219): App\\Http\\Middleware\\AnalyticsMiddleware->handle()
#20 /var/www/html/api.resortwala.com/vendor/laravel/framework/src/Illuminate/Http/Middleware/HandleCors.php(61): Illuminate\\Pipeline\\Pipeline->Illuminate\\Pipeline\\{closure}()
#21 /var/www/html/api.resortwala.com/vendor/laravel/framework/src/Illuminate/Pipeline/Pipeline.php(219): Illuminate\\Http\\Middleware\\HandleCors->handle()
#22 /var/www/html/api.resortwala.com/vendor/laravel/framework/src/Illuminate/Pipeline/Pipeline.php(137): Illuminate\\Pipeline\\Pipeline->Illuminate\\Pipeline\\{closure}()
#23 /var/www/html/api.resortwala.com/vendor/laravel/framework/src/Illuminate/Routing/Router.php(821): Illuminate\\Pipeline\\Pipeline->then()
#24 /var/www/html/api.resortwala.com/vendor/laravel/framework/src/Illuminate/Routing/Router.php(800): Illuminate\\Routing\\Router->runRouteWithinStack()
#25 /var/www/html/api.resortwala.com/vendor/laravel/framework/src/Illuminate/Routing/Router.php(764): Illuminate\\Routing\\Router->runRoute()
#26 /var/www/html/api.resortwala.com/vendor/laravel/framework/src/Illuminate/Routing/Router.php(753): Illuminate\\Routing\\Router->dispatchToRoute()
#27 /var/www/html/api.resortwala.com/vendor/laravel/framework/src/Illuminate/Foundation/Http/Kernel.php(200): Illuminate\\Routing\\Router->dispatch()
#28 /var/www/html/api.resortwala.com/vendor/laravel/framework/src/Illuminate/Pipeline/Pipeline.php(180): Illuminate\\Foundation\\Http\\Kernel->Illuminate\\Foundation\\Http\\{closure}()
#29 /var/www/html/api.resortwala.com/vendor/laravel/framework/src/Illuminate/Foundation/Http/Middleware/TransformsRequest.php(21): Illuminate\\Pipeline\\Pipeline->Illuminate\\Pipeline\\{closure}()
#30 /var/www/html/api.resortwala.com/vendor/laravel/framework/src/Illuminate/Foundation/Http/Middleware/ConvertEmptyStringsToNull.php(31): Illuminate\\Foundation\\Http\\Middleware\\TransformsRequest->handle()
#31 /var/www/html/api.resortwala.com/vendor/laravel/framework/src/Illuminate/Pipeline/Pipeline.php(219): Illuminate\\Foundation\\Http\\Middleware\\ConvertEmptyStringsToNull->handle()
#32 /var/www/html/api.resortwala.com/vendor/laravel/framework/src/Illuminate/Foundation/Http/Middleware/TransformsRequest.php(21): Illuminate\\Pipeline\\Pipeline->Illuminate\\Pipeline\\{closure}()
#33 /var/www/html/api.resortwala.com/vendor/laravel/framework/src/Illuminate/Foundation/Http/Middleware/TrimStrings.php(51): Illuminate\\Foundation\\Http\\Middleware\\TransformsRequest->handle()
#34 /var/www/html/api.resortwala.com/vendor/laravel/framework/src/Illuminate/Pipeline/Pipeline.php(219): Illuminate\\Foundation\\Http\\Middleware\\TrimStrings->handle()
#35 /var/www/html/api.resortwala.com/vendor/laravel/framework/src/Illuminate/Http/Middleware/ValidatePostSize.php(27): Illuminate\\Pipeline\\Pipeline->Illuminate\\Pipeline\\{closure}()
#36 /var/www/html/api.resortwala.com/vendor/laravel/framework/src/Illuminate/Pipeline/Pipeline.php(219): Illuminate\\Http\\Middleware\\ValidatePostSize->handle()
#37 /var/www/html/api.resortwala.com/vendor/laravel/framework/src/Illuminate/Foundation/Http/Middleware/PreventRequestsDuringMaintenance.php(109): Illuminate\\Pipeline\\Pipeline->Illuminate\\Pipeline\\{closure}()
#38 /var/www/html/api.resortwala.com/vendor/laravel/framework/src/Illuminate/Pipeline/Pipeline.php(219): Illuminate\\Foundation\\Http\\Middleware\\PreventRequestsDuringMaintenance->handle()
#39 /var/www/html/api.resortwala.com/vendor/laravel/framework/src/Illuminate/Http/Middleware/HandleCors.php(61): Illuminate\\Pipeline\\Pipeline->Illuminate\\Pipeline\\{closure}()
#40 /var/www/html/api.resortwala.com/vendor/laravel/framework/src/Illuminate/Pipeline/Pipeline.php(219): Illuminate\\Http\\Middleware\\HandleCors->handle()
#41 /var/www/html/api.resortwala.com/vendor/laravel/framework/src/Illuminate/Http/Middleware/TrustProxies.php(58): Illuminate\\Pipeline\\Pipeline->Illuminate\\Pipeline\\{closure}()
#42 /var/www/html/api.resortwala.com/vendor/laravel/framework/src/Illuminate/Pipeline/Pipeline.php(219): Illuminate\\Http\\Middleware\\TrustProxies->handle()
#43 /var/www/html/api.resortwala.com/vendor/laravel/framework/src/Illuminate/Foundation/Http/Middleware/InvokeDeferredCallbacks.php(22): Illuminate\\Pipeline\\Pipeline->Illuminate\\Pipeline\\{closure}()
#44 /var/www/html/api.resortwala.com/vendor/laravel/framework/src/Illuminate/Pipeline/Pipeline.php(219): Illuminate\\Foundation\\Http\\Middleware\\InvokeDeferredCallbacks->handle()
#45 /var/www/html/api.resortwala.com/vendor/laravel/framework/src/Illuminate/Http/Middleware/ValidatePathEncoding.php(26): Illuminate\\Pipeline\\Pipeline->Illuminate\\Pipeline\\{closure}()
#46 /var/www/html/api.resortwala.com/vendor/laravel/framework/src/Illuminate/Pipeline/Pipeline.php(219): Illuminate\\Http\\Middleware\\ValidatePathEncoding->handle()
#47 /var/www/html/api.resortwala.com/vendor/laravel/framework/src/Illuminate/Pipeline/Pipeline.php(137): Illuminate\\Pipeline\\Pipeline->Illuminate\\Pipeline\\{closure}()
#48 /var/www/html/api.resortwala.com/vendor/laravel/framework/src/Illuminate/Foundation/Http/Kernel.php(175): Illuminate\\Pipeline\\Pipeline->then()
#49 /var/www/html/api.resortwala.com/vendor/laravel/framework/src/Illuminate/Foundation/Http/Kernel.php(144): Illuminate\\Foundation\\Http\\Kernel->sendRequestThroughRouter()
#50 /var/www/html/api.resortwala.com/vendor/laravel/framework/src/Illuminate/Foundation/Application.php(1220): Illuminate\\Foundation\\Http\\Kernel->handle()
#51 /var/www/html/api.resortwala.com/public/index.php(20): Illuminate\\Foundation\\Application->handleRequest()
#52 {main}"} 
[2026-01-19 23:58:59] production.ERROR: Payment Init Failed, Rolled Back Booking {"error":{"success":false,"message":"Gateway Error: Undefined array key \"context\"","code":"SDK_ERROR"}} 
[2026-01-20 00:00:07] production.INFO: NotificationEngine: Dispatching event 'admin.login'  
[2026-01-20 00:02:15] production.INFO: Generating TTS with Voice: en-IN-PrabhatNeural (arjun)  
[2026-01-20 00:02:20] production.INFO: Rendering Reel: ffmpeg -loop 1 -t 4 -i "/var/www/html/api.resortwala.com/storage/app/public/properties/51/eeqo3nn8TNmRhska0QY8wgnvGiLiVpA0zK4Xda22.jpg" -loop 1 -t 5 -i "/var/www/html/api.resortwala.com/storage/app/public/properties/51/MNoCJOVFnhMBqYzJ4wlvLy4KljRNU1Suj7NCkUzc.jpg" -loop 1 -t 5 -i "/var/www/html/api.resortwala.com/storage/app/public/properties/51/1y78U4HNAEU3DQXZc92i1OZWcbkjguxIGzCkiDBH.jpg" -loop 1 -t 6 -i "/var/www/html/api.resortwala.com/storage/app/public/properties/51/AmJyKNYKgd50pyjwHawZhwwuvE6fUCSARXrZgLBS.jpg" -i "/var/www/html/api.resortwala.com/storage/app/public/music/luxury_ambient.mp3" -i "/var/www/html/api.resortwala.com/storage/app/public/audio/tts_arjun_dbea108c30d8294fb609637d7e891607.mp3" -i "/var/www/html/api.resortwala.com/public/resortwala-logo.png"  -filter_complex "[0:v]scale=720:1280:force_original_aspect_ratio=increase,crop=720:1280,setsar=1,eq=contrast=1.1:saturation=1.2,curves=vintage,zoompan=z='min(zoom+0.0015,1.5)':d=120:x='iw/2-(iw/zoom/2)':y='ih/2-(ih/zoom/2)':s=720x1280:fps=30[v0Raw];[v0Raw]drawtext=text='Discover the best stays in India!':fontcolor=white:fontsize=45:box=1:boxcolor=black@0.5:boxborderw=20:x=(w-text_w)/2:y=(h-text_h)-150:alpha='min(1, (t-0.5)/0.5)'[v0Txt];[1:v]scale=720:1280:force_original_aspect_ratio=increase,crop=720:1280,setsar=1,eq=contrast=1.1:saturation=1.2,curves=vintage,zoompan=z='1.5-0.0015*on':d=150:x='iw/2-(iw/zoom/2)':y='ih/2-(ih/zoom/2)':s=720x1280:fps=30[v1Raw];[v1Raw]drawtext=text='Experience Luxury like never before.':fontcolor=white:fontsize=45:box=1:boxcolor=black@0.5:boxborderw=20:x=(w-text_w)/2:y=(h-text_h)-150:alpha='min(1, (t-0.5)/0.5)'[v1Txt];[v0Txt][v1Txt]xfade=transition=fade:duration=1:offset=2.5[vMix1];[2:v]scale=720:1280:force_original_aspect_ratio=increase,crop=720:1280,setsar=1,eq=contrast=1.1:saturation=1.2,curves=vintage,zoompan=z='min(zoom+0.0015,1.5)':d=150:x='iw/2-(iw/zoom/2)':y='ih/2-(ih/zoom/2)':s=720x1280:fps=30[v2Raw];[v2Raw]drawtext=text='Comfort, Vibe, aur Masti ek hi jagah.':fontcolor=white:fontsize=45:box=1:boxcolor=black@0.5:boxborderw=20:x=(w-text_w)/2:y=(h-text_h)-150:alpha='min(1, (t-0.5)/0.5)'[v2Txt];[vMix1][v2Txt]xfade=transition=fade:duration=1:offset=6[vMix2];[3:v]scale=720:1280:force_original_aspect_ratio=increase,crop=720:1280,setsar=1,eq=contrast=1.1:saturation=1.2,curves=vintage,zoompan=z='1.5-0.0015*on':d=180:x='iw/2-(iw/zoom/2)':y='ih/2-(ih/zoom/2)':s=720x1280:fps=30[v3Raw];[v3Raw]drawtext=text='Book now at resortwala.com!':fontcolor=white:fontsize=45:box=1:boxcolor=black@0.5:boxborderw=20:x=(w-text_w)/2:y=(h-text_h)-150:alpha='min(1, (t-0.5)/0.5)'[v3Txt];[vMix2][v3Txt]xfade=transition=fade:duration=1:offset=9.5[vMix3];[3:v]scale=720:1280:force_original_aspect_ratio=increase,crop=720:1280,boxblur=20:5,setsar=1,tpad=stop_mode=clone:stop_duration=4,drawbox=x=0:y=0:w=iw:h=ih:color=black@0.6:t=fill[vEndBase];[vEndBase]drawtext=text='Blue Lotus Luxurious Villa':fontcolor=white:fontsize=60:x=(w-text_w)/2:y=(h-text_h)/2-50:shadowcolor=black:shadowx=2:shadowy=2,drawtext=text='Book at ResortWala.com':fontcolor=yellow:fontsize=45:x=(w-text_w)/2:y=h-150[vEndCard];[vMix3][vEndCard]concat=n=2:v=1:a=0[vContent];[4:a]atrim=duration=18.5,afade=t=in:st=0:d=1,afade=t=out:st=16.5:d=2[aMusic];[5:a]volume=1.5[aVoice];[aVoice][aMusic]amix=inputs=2:duration=longest[aMix];[6:v]scale=150:-2[vLogo];[vContent][vLogo]overlay=x=W-w-20:y=20[vMarked]" -map "[vMarked]" -map "[aMix]" -c:v libx264 -pix_fmt yuv420p -r 30 -t 18.5 "/var/www/html/api.resortwala.com/storage/app/public/videos/video_61_reel_1768867340.mp4"  
[2026-01-20 00:02:33] production.INFO: Property Search Params:  
[2026-01-20 00:05:54] production.INFO: PhonePe SDK V2 Init {"env":"UAT","clientId":"PGTE***"} 
[2026-01-20 00:05:54] production.ERROR: PhonePe SDK V2 Exception {"msg":"Undefined array key \"context\"","trace":"#0 /var/www/html/api.resortwala.com/vendor/laravel/framework/src/Illuminate/Foundation/Bootstrap/HandleExceptions.php(258): Illuminate\\Foundation\\Bootstrap\\HandleExceptions->handleError()
#1 /var/www/html/api.resortwala.com/vendor/phonepe/phonepe-pg-php-sdk/src/phonepe/sdk/pg/common/utils/CurlHttpClient.php(56): Illuminate\\Foundation\\Bootstrap\\HandleExceptions->Illuminate\\Foundation\\Bootstrap\\{closure}()
#2 /var/www/html/api.resortwala.com/vendor/phonepe/phonepe-pg-php-sdk/src/phonepe/sdk/pg/common/tokenHandler/TokenService.php(102): PhonePe\\common\\utils\\CurlHttpClient::postRequest()
#3 /var/www/html/api.resortwala.com/vendor/phonepe/phonepe-pg-php-sdk/src/phonepe/sdk/pg/common/tokenHandler/TokenService.php(76): PhonePe\\common\\tokenHandler\\TokenService->prepareOAuthToken()
#4 /var/www/html/api.resortwala.com/vendor/phonepe/phonepe-pg-php-sdk/src/phonepe/sdk/pg/common/tokenHandler/TokenService.php(67): PhonePe\\common\\tokenHandler\\TokenService->setAuthTokenInHeaders()
#5 /var/www/html/api.resortwala.com/vendor/phonepe/phonepe-pg-php-sdk/src/phonepe/sdk/pg/payments/v2/standardCheckout/StandardCheckoutClient.php(264): PhonePe\\common\\tokenHandler\\TokenService->getAuthHeaders()
#6 /var/www/html/api.resortwala.com/vendor/phonepe/phonepe-pg-php-sdk/src/phonepe/sdk/pg/payments/v2/standardCheckout/StandardCheckoutClient.php(120): PhonePe\\payments\\v2\\standardCheckout\\StandardCheckoutClient->getHeaders()
#7 /var/www/html/api.resortwala.com/app/Services/PhonePeService.php(84): PhonePe\\payments\\v2\\standardCheckout\\StandardCheckoutClient->pay()
#8 /var/www/html/api.resortwala.com/test_payment_error.php(18): App\\Services\\PhonePeService->initiatePayment()
#9 {main}"} 
